Start testing: Nov 18 16:37 CET
----------------------------------------------------------
1/3 Testing: Arena
1/3 Test: Arena
Command: "/home/marvin/Uni/Forschungspraktikum/cryo/bin/cryo-test" "--test-case=Arena"
Directory: /home/marvin/Uni/Forschungspraktikum/cryo/tests
"Arena" start time: Nov 18 16:37 CET
Output:
----------------------------------------------------------
[doctest] doctest version is "2.4.12"
[doctest] run with "--help" for options
===============================================================================
[doctest] test cases: 1 | 1 passed | 0 failed | 2 skipped
[doctest] assertions: 1 | 1 passed | 0 failed |
[doctest] Status: SUCCESS!
<end of output>
Test time =   0.00 sec
----------------------------------------------------------
Test Passed.
"Arena" end time: Nov 18 16:37 CET
"Arena" time elapsed: 00:00:00
----------------------------------------------------------

2/3 Testing: adding-stuff
2/3 Test: adding-stuff
Command: "/home/marvin/Uni/Forschungspraktikum/cryo/bin/cryo-test" "--test-case=adding-stuff"
Directory: /home/marvin/Uni/Forschungspraktikum/cryo/tests
"adding-stuff" start time: Nov 18 16:37 CET
Output:
----------------------------------------------------------
[doctest] doctest version is "2.4.12"
[doctest] run with "--help" for options
===============================================================================
[doctest] test cases: 1 | 1 passed | 0 failed | 2 skipped
[doctest] assertions: 6 | 6 passed | 0 failed |
[doctest] Status: SUCCESS!
<end of output>
Test time =   0.00 sec
----------------------------------------------------------
Test Passed.
"adding-stuff" end time: Nov 18 16:37 CET
"adding-stuff" time elapsed: 00:00:00
----------------------------------------------------------

3/3 Testing: constructor-list
3/3 Test: constructor-list
Command: "/home/marvin/Uni/Forschungspraktikum/cryo/bin/cryo-test" "--test-case=constructor-list"
Directory: /home/marvin/Uni/Forschungspraktikum/cryo/tests
"constructor-list" start time: Nov 18 16:37 CET
Output:
----------------------------------------------------------
[doctest] doctest version is "2.4.12"
[doctest] run with "--help" for options
8
===============================================================================
[doctest] test cases: 1 | 1 passed | 0 failed | 2 skipped
[doctest] assertions: 2 | 2 passed | 0 failed |
[doctest] Status: SUCCESS!
<end of output>
Test time =   0.00 sec
----------------------------------------------------------
Test Passed.
"constructor-list" end time: Nov 18 16:37 CET
"constructor-list" time elapsed: 00:00:00
----------------------------------------------------------

End testing: Nov 18 16:37 CET
